<?xml version="1.0" encoding="UTF-8"?>
<testsuite xmlns:xsi="http://www.w3.org/2001/XMLSchema-instance" xsi:noNamespaceSchemaLocation="https://maven.apache.org/surefire/maven-surefire-plugin/xsd/surefire-test-report-3.0.xsd" version="3.0" name="fi.oulu.tol.sqat.GildedRoseTest" time="0.186" tests="22" errors="0" skipped="0" failures="0">
  <properties>
    <property name="java.specification.version" value="23"/>
    <property name="sun.cpu.isalist" value="amd64"/>
    <property name="sun.jnu.encoding" value="Cp1252"/>
    <property name="java.class.path" value="C:\Users\Käyttäjä\OneDrive - Oulun yliopisto\Koulu Keskeneräiset\SoftwareQT24\2WhiteboxTesting\GildedRose2020\GildedRose\target\test-classes;C:\Users\Käyttäjä\OneDrive - Oulun yliopisto\Koulu Keskeneräiset\SoftwareQT24\2WhiteboxTesting\GildedRose2020\GildedRose\target\classes;C:\Users\Käyttäjä\.m2\repository\junit\junit\4.13.2\junit-4.13.2.jar;C:\Users\Käyttäjä\.m2\repository\org\hamcrest\hamcrest-core\1.3\hamcrest-core-1.3.jar;"/>
    <property name="java.vm.vendor" value="Oracle Corporation"/>
    <property name="sun.arch.data.model" value="64"/>
    <property name="user.variant" value=""/>
    <property name="java.vendor.url" value="https://java.oracle.com/"/>
    <property name="user.timezone" value="Europe/Helsinki"/>
    <property name="os.name" value="Windows 11"/>
    <property name="java.vm.specification.version" value="23"/>
    <property name="sun.java.launcher" value="SUN_STANDARD"/>
    <property name="user.country" value="FI"/>
    <property name="sun.boot.library.path" value="C:\Program Files (x86)\jdk-23\bin"/>
    <property name="sun.java.command" value="C:\Users\Käyttäjä\AppData\Local\Temp\surefire8609231830531016403\surefirebooter-20241210103910801_3.jar C:\Users\Käyttäjä\AppData\Local\Temp\surefire8609231830531016403 2024-12-10T10-39-10_563-jvmRun1 surefire-20241210103910801_1tmp surefire_0-20241210103910801_2tmp"/>
    <property name="jdk.debug" value="release"/>
    <property name="surefire.test.class.path" value="C:\Users\Käyttäjä\OneDrive - Oulun yliopisto\Koulu Keskeneräiset\SoftwareQT24\2WhiteboxTesting\GildedRose2020\GildedRose\target\test-classes;C:\Users\Käyttäjä\OneDrive - Oulun yliopisto\Koulu Keskeneräiset\SoftwareQT24\2WhiteboxTesting\GildedRose2020\GildedRose\target\classes;C:\Users\Käyttäjä\.m2\repository\junit\junit\4.13.2\junit-4.13.2.jar;C:\Users\Käyttäjä\.m2\repository\org\hamcrest\hamcrest-core\1.3\hamcrest-core-1.3.jar;"/>
    <property name="sun.cpu.endian" value="little"/>
    <property name="user.home" value="C:\Users\Käyttäjä"/>
    <property name="user.language" value="fi"/>
    <property name="java.specification.vendor" value="Oracle Corporation"/>
    <property name="java.version.date" value="2024-09-17"/>
    <property name="java.home" value="C:\Program Files (x86)\jdk-23"/>
    <property name="file.separator" value="\"/>
    <property name="basedir" value="C:\Users\Käyttäjä\OneDrive - Oulun yliopisto\Koulu Keskeneräiset\SoftwareQT24\2WhiteboxTesting\GildedRose2020\GildedRose"/>
    <property name="java.vm.compressedOopsMode" value="32-bit"/>
    <property name="line.separator" value="&#10;"/>
    <property name="java.vm.specification.vendor" value="Oracle Corporation"/>
    <property name="java.specification.name" value="Java Platform API Specification"/>
    <property name="surefire.real.class.path" value="C:\Users\Käyttäjä\AppData\Local\Temp\surefire8609231830531016403\surefirebooter-20241210103910801_3.jar"/>
    <property name="user.script" value=""/>
    <property name="sun.management.compiler" value="HotSpot 64-Bit Tiered Compilers"/>
    <property name="java.runtime.version" value="23+37-2369"/>
    <property name="user.name" value="Käyttäjä"/>
    <property name="stdout.encoding" value="Cp1252"/>
    <property name="path.separator" value=";"/>
    <property name="os.version" value="10.0"/>
    <property name="java.runtime.name" value="OpenJDK Runtime Environment"/>
    <property name="file.encoding" value="UTF-8"/>
    <property name="java.vm.name" value="OpenJDK 64-Bit Server VM"/>
    <property name="localRepository" value="C:\Users\Käyttäjä\.m2\repository"/>
    <property name="java.vendor.url.bug" value="https://bugreport.java.com/bugreport/"/>
    <property name="java.io.tmpdir" value="C:\Users\KYTTJ~1\AppData\Local\Temp\"/>
    <property name="java.version" value="23"/>
    <property name="user.dir" value="C:\Users\Käyttäjä\OneDrive - Oulun yliopisto\Koulu Keskeneräiset\SoftwareQT24\2WhiteboxTesting\GildedRose2020\GildedRose"/>
    <property name="os.arch" value="amd64"/>
    <property name="java.vm.specification.name" value="Java Virtual Machine Specification"/>
    <property name="sun.os.patch.level" value=""/>
    <property name="native.encoding" value="Cp1252"/>
    <property name="java.library.path" value="C:\Program Files (x86)\jdk-23\bin;C:\Windows\Sun\Java\bin;C:\Windows\system32;C:\Windows;C:\Program Files (x86)\jdk-23\bin;C:\Windows\system32;C:\Windows;C:\Windows\System32\Wbem;C:\Windows\System32\WindowsPowerShell\v1.0\;C:\Windows\System32\OpenSSH\;C:\Program Files\Microsoft VS Code\bin;C:\Program Files\Python311;C:\Program Files\Python311\Scripts;C:\TDM-GCC-64\bin;C:\Program Files (x86)\apache-maven-3.9.9\bin;C:\Program Files\Git\cmd;C:\Program Files (x86)\jdk-23\bin;C:\Program Files (x86)\apache-maven-3.9.9\bin;C:\Users\Käyttäjä\AppData\Local\GitHubDesktop\bin;C:\Program Files\Python311;C:\Users\Käyttäjä\AppData\Roaming\Python\Python311;C:\Users\Käyttäjä\AppData\Roaming\Python\Python311\Scripts;;C:\Program Files\JetBrains\DataGrip 2024.2.2\bin;;."/>
    <property name="java.vm.info" value="mixed mode, sharing"/>
    <property name="stderr.encoding" value="Cp1252"/>
    <property name="java.vendor" value="Oracle Corporation"/>
    <property name="java.vm.version" value="23+37-2369"/>
    <property name="sun.io.unicode.encoding" value="UnicodeLittle"/>
    <property name="java.class.version" value="67.0"/>
  </properties>
  <testcase name="testAgedBrie" classname="fi.oulu.tol.sqat.GildedRoseTest" time="0.014"/>
  <testcase name="testBackStagePassesMaxQuality" classname="fi.oulu.tol.sqat.GildedRoseTest" time="0.0"/>
  <testcase name="testSulfuras" classname="fi.oulu.tol.sqat.GildedRoseTest" time="0.0"/>
  <testcase name="testBackStagePasses" classname="fi.oulu.tol.sqat.GildedRoseTest" time="0.0"/>
  <testcase name="testBackStagePassesSellInAfterConcert" classname="fi.oulu.tol.sqat.GildedRoseTest" time="0.0"/>
  <testcase name="testElixirOfTHeMongooseQualityRateCheck" classname="fi.oulu.tol.sqat.GildedRoseTest" time="0.0"/>
  <testcase name="testAgedBrieMaxQuality" classname="fi.oulu.tol.sqat.GildedRoseTest" time="0.0"/>
  <testcase name="testUpdateQualityWithNoItems" classname="fi.oulu.tol.sqat.GildedRoseTest" time="0.0"/>
  <testcase name="testDexterityVestQualityRateCheck" classname="fi.oulu.tol.sqat.GildedRoseTest" time="0.0"/>
  <testcase name="testConjuredManaCake" classname="fi.oulu.tol.sqat.GildedRoseTest" time="0.0"/>
  <testcase name="testBackStagePassesSellInAfter6daysPassed" classname="fi.oulu.tol.sqat.GildedRoseTest" time="0.0"/>
  <testcase name="testSulfurasKeepUnchanged" classname="fi.oulu.tol.sqat.GildedRoseTest" time="0.0"/>
  <testcase name="testConjuredManaCakeQualityRateCheck" classname="fi.oulu.tol.sqat.GildedRoseTest" time="0.001"/>
  <testcase name="testSulfurasQualityNotDecreaseWhenSellInNegative" classname="fi.oulu.tol.sqat.GildedRoseTest" time="0.001"/>
  <testcase name="testElixirOfTheMongoose" classname="fi.oulu.tol.sqat.GildedRoseTest" time="0.001"/>
  <testcase name="testDexterityVestNegativeQuality" classname="fi.oulu.tol.sqat.GildedRoseTest" time="0.0"/>
  <testcase name="testConjuredManaCakeNegativeQuality" classname="fi.oulu.tol.sqat.GildedRoseTest" time="0.001"/>
  <testcase name="testElixirOfTheMongooseNegativeQuality" classname="fi.oulu.tol.sqat.GildedRoseTest" time="0.0"/>
  <testcase name="testAgedBrieQualityRateCheck" classname="fi.oulu.tol.sqat.GildedRoseTest" time="0.0"/>
  <testcase name="testDexterityVest" classname="fi.oulu.tol.sqat.GildedRoseTest" time="0.001"/>
  <testcase name="testBackStagePassesSellInAfter11daysPassed" classname="fi.oulu.tol.sqat.GildedRoseTest" time="0.001"/>
  <testcase name="testTheTruth" classname="fi.oulu.tol.sqat.GildedRoseTest" time="0.001"/>
</testsuite>